<?xml version="1.0" encoding="UTF-8"?>
<Site BuildName="(empty)"
	BuildStamp="20240214-1934-Experimental"
	Name="(empty)"
	Generator="ctest-3.27.4"
	CompilerName=""
	CompilerVersion=""
	OSName="Linux"
	Hostname="saman"
	OSRelease="6.5.0-14-generic"
	OSVersion="#14-Ubuntu SMP PREEMPT_DYNAMIC Tue Nov 14 14:59:49 UTC 2023"
	OSPlatform="x86_64"
	Is64Bits="1"
	VendorString="GenuineIntel"
	VendorID="Intel Corporation"
	FamilyID="6"
	ModelID="78"
	ProcessorCacheSize="3072"
	NumberOfLogicalCPU="4"
	NumberOfPhysicalCPU="2"
	TotalVirtualMemory="4095"
	TotalPhysicalMemory="7822"
	LogicalProcessorsPerPhysical="2"
	ProcessorClockFrequency="2700.01"
	>
	<Testing>
		<StartDateTime>Feb 14 23:04 +0330</StartDateTime>
		<StartTestTime>1707939298</StartTestTime>
		<TestList/>
		<EndDateTime>Feb 14 23:04 +0330</EndDateTime>
		<EndTestTime>1707939298</EndTestTime>
		<ElapsedMinutes>0</ElapsedMinutes>
	</Testing>
</Site>
